<?xml version="1.0" encoding="UTF-8"?>
<testsuites>
  <testsuite name="RustTests" errors="0" failures="99" tests="228" time="0.06s">
    <properties/>

    <!-- Passed Tests -->
    <testcase classname="exec::tests" name="balance_too_low"/>
    <testcase classname="exec::tests" name="code_hash_returns_proper_values"/>
    <testcase classname="exec::tests" name="call_reentry_direct_recursion"/>
    <testcase classname="exec::tests" name="call_deny_reentry"/>
    <testcase classname="exec::tests" name="caller_is_origin_returns_proper_values"/>
    <testcase classname="exec::tests" name="call_runtime_works"/>
    <testcase classname="exec::tests" name="address_returns_proper_values"/>
    <testcase classname="exec::tests" name="changes_are_reverted_on_failing_call"/>
    <testcase classname="exec::tests" name="caller_returns_proper_values"/>
    <testcase classname="exec::tests" name="call_runtime_filter"/>
    <testcase classname="exec::tests" name="ecdsa_to_eth_address_returns_proper_value"/>
    <testcase classname="exec::tests" name="get_storage_size_varsized_key_works"/>
    <testcase classname="exec::tests" name="correct_transfer_on_delegate_call"/>
    <testcase classname="exec::tests" name="get_storage_size_works"/>
    <testcase classname="exec::tests" name="correct_transfer_on_call"/>
    <testcase classname="exec::tests" name="input_data_to_call"/>
    <testcase classname="exec::tests" name="input_data_to_instantiate"/>
    <testcase classname="exec::tests" name="instantiation_fails_with_failing_output"/>
    <testcase classname="exec::tests" name="get_storage_varsized_key_works"/>
    <testcase classname="exec::tests" name="in_memory_changes_not_discarded"/>
    <testcase classname="exec::tests" name="get_storage_works"/>
    <testcase classname="exec::tests" name="is_contract_returns_proper_values"/>
    <testcase classname="exec::tests" name="it_works"/>
    <testcase classname="exec::tests" name="instantiation_from_contract"/>
    <testcase classname="exec::tests" name="instantiation_traps"/>
    <testcase classname="exec::tests" name="instantiation_work_with_success_output"/>
    <testcase classname="exec::tests" name="max_depth"/>
    <testcase classname="exec::tests" name="nonce_api_works"/>
    <testcase classname="exec::tests" name="output_is_returned_on_success"/>
    <testcase classname="exec::tests" name="printing_works"/>
    <testcase classname="exec::tests" name="printing_works_on_fail"/>
    <testcase classname="exec::tests" name="own_code_hash_returns_proper_values"/>
    <testcase classname="exec::tests" name="randomness_works"/>
    <testcase classname="exec::tests" name="root_caller_does_not_succeed_when_value_not_zero"/>
    <testcase classname="exec::tests" name="root_caller_succeeds"/>
    <testcase classname="exec::tests" name="recursive_call_during_constructor_fails"/>
    <testcase classname="exec::tests" name="refuse_instantiate_with_value_below_existential_deposit"/>
    <testcase classname="exec::tests" name="root_caller_succeeds_with_consecutive_calls"/>
    <testcase classname="exec::tests" name="set_storage_varsized_key_works"/>
    <testcase classname="exec::tests" name="nonce"/>
    <testcase classname="gas::tests" name="charge_exact_amount"/>
    <testcase classname="gas::tests" name="overcharge_does_not_charge"/>
    <testcase classname="gas::tests" name="it_works"/>
    <testcase classname="exec::tests" name="set_storage_works"/>
    <testcase classname="gas::tests" name="refuse_to_execute_anything_if_zero"/>
    <testcase classname="gas::tests" name="tracing"/>
    <testcase classname="migration::test" name="is_upgrade_supported_works"/>
    <testcase classname="exec::tests" name="transfer_works"/>
    <testcase classname="migration::test" name="steps_works"/>
    <testcase classname="exec::tests" name="termination_from_instantiate_fails"/>
    <testcase classname="migration::test" name="no_migration_in_progress_works"/>
    <testcase classname="migration::test" name="version_range_works"/>
    <testcase classname="migration::test" name="migration_works"/>
    <testcase classname="schedule::test" name="print_test_schedule"/>
    <testcase classname="storage::meter::tests" name="new_reserves_balance_works"/>
    <testcase classname="storage::meter::tests" name="empty_charge_works"/>
    <testcase classname="storage::meter::tests" name="termination_works"/>
    <testcase classname="storage::meter::tests" name="charging_works"/>
    <testcase classname="exec::tests" name="debug_buffer_is_limited"/>
    <testcase classname="tests" name="migration_on_idle_hooks_works"/>
    <testcase classname="tests" name="none_cannot_call_code"/>
    <testcase classname="wasm::prepare::tests" name="entrypoints::param_float"/>
    <testcase classname="wasm::prepare::tests" name="entrypoints::result_float"/>
    <testcase classname="wasm::prepare::tests" name="entrypoints::global_float"/>
    <testcase classname="wasm::prepare::tests" name="entrypoints::local_float"/>
    <testcase classname="wasm::prepare::tests" name="entrypoints::omit_deploy"/>
    <testcase classname="wasm::prepare::tests" name="entrypoints::omit_memory"/>
    <testcase classname="wasm::prepare::tests" name="entrypoints::omit_call"/>
    <testcase classname="wasm::prepare::tests" name="entrypoints::try_sneak_export_as_global"/>
    <testcase classname="wasm::prepare::tests" name="entrypoints::unknown_exports"/>
    <testcase classname="wasm::prepare::tests" name="entrypoints::wrong_signature"/>
    <testcase classname="wasm::prepare::tests" name="entrypoints::try_sneak_export_as_entrypoint"/>
    <testcase classname="wasm::prepare::tests" name="entrypoints::it_works"/>
    <testcase classname="wasm::prepare::tests" name="entrypoints::signed_extension_works"/>
    <testcase classname="wasm::prepare::tests" name="imports::can_import_legit_function"/>
    <testcase classname="wasm::prepare::tests" name="imports::memory_not_in_arbitrary_module"/>
    <testcase classname="wasm::prepare::tests" name="imports::function_in_other_module_works"/>
    <testcase classname="wasm::prepare::tests" name="imports::memory_not_in_seal0"/>
    <testcase classname="wasm::prepare::tests" name="imports::try_import_from_wrong_module"/>
    <testcase classname="wasm::prepare::tests" name="imports::unknown_func_name"/>
    <testcase classname="wasm::prepare::tests" name="imports::wrong_signature"/>
    <testcase classname="wasm::prepare::tests" name="memories::field_name_not_memory"/>
    <testcase classname="wasm::prepare::tests" name="memories::global_import"/>
    <testcase classname="wasm::prepare::tests" name="memories::initial_exceeds_maximum"/>
    <testcase classname="wasm::prepare::tests" name="memories::internal_memory_declaration"/>
    <testcase classname="wasm::prepare::tests" name="memories::memory_with_one_page"/>
    <testcase classname="wasm::prepare::tests" name="memories::multiple_memory_imports"/>
    <testcase classname="wasm::prepare::tests" name="memories::no_memory_import"/>
    <testcase classname="wasm::prepare::tests" name="memories::requested_maximum_exceeds_configured_maximum"/>
    <testcase classname="wasm::prepare::tests" name="memories::requested_maximum_valid"/>
    <testcase classname="wasm::prepare::tests" name="no_floats"/>
    <testcase classname="wasm::prepare::tests" name="caller_is_origin_works"/>
    <testcase classname="wasm::prepare::tests" name="call_runtime_works"/>
    <testcase classname="wasm::prepare::tests" name="cannot_deploy_unstable"/>
    <testcase classname="wasm::prepare::tests" name="call_runtime_panics_on_invalid_call"/>
    <testcase classname="wasm::prepare::tests" name="caller_is_root_works"/>
    <testcase classname="wasm::prepare::tests" name="caller_is_root_works"/>
    <testcase classname="wasm::prepare::tests" name="contract_call_tail_call"/>
    <testcase classname="wasm::prepare::tests" name="contract_delegate_call"/>
    <testcase classname="wasm::prepare::tests" name="contract_call_clone_input"/>
    <testcase classname="wasm::prepare::tests" name="contract_call_forward_input"/>
    <testcase classname="wasm::prepare::tests" name="contract_call"/>
    <testcase classname="wasm::prepare::tests" name="contract_call_limited_gas"/>
    <testcase classname="wasm::prepare::tests" name="clear_storage_works"/>
    <testcase classname="wasm::prepare::tests" name="contains_storage_works"/>
    <testcase classname="wasm::prepare::tests" name="contract_decode_length_ignored"/>
    <testcase classname="wasm::prepare::tests" name="contract_ecdsa_recover"/>
    <testcase classname="wasm::prepare::tests" name="contract_instantiate"/>
    <testcase classname="wasm::prepare::tests" name="contract_ecdsa_to_eth_address"/>
    <testcase classname="wasm::prepare::tests" name="contract_terminate"/>
    <testcase classname="wasm::prepare::tests" name="contract_transfer"/>
    <testcase classname="wasm::prepare::tests" name="cannot_deploy_deprecated"/>
    <testcase classname="wasm::prepare::tests" name="debug_message_invalid_utf8_fails"/>
    <testcase classname="wasm::prepare::tests" name="contract_sr25519"/>
    <testcase classname="wasm::prepare::tests" name="deposit_event"/>
    <testcase classname="wasm::prepare::tests" name="contract_out_of_bounds_access"/>
    <testcase classname="wasm::prepare::tests" name="debug_message_works"/>
    <testcase classname="wasm::prepare::tests" name="deposit_event_duplicates_allowed"/>
    <testcase classname="wasm::prepare::tests" name="old_weight_decode"/>
    <testcase classname="wasm::prepare::tests" name="deposit_event_max_topics"/>
    <testcase classname="wasm::prepare::tests" name="is_contract_works"/>
    <testcase classname="wasm::prepare::tests" name="seal_return_with_success_status"/>
    <testcase classname="wasm::prepare::tests" name="return_with_revert_status"/>
    <testcase classname="wasm::prepare::tests" name="start_fn_illegal"/>
    <testcase classname="wasm::prepare::tests" name="get_storage_works"/>
    <testcase classname="wasm::prepare::tests" name="set_storage_works"/>
    <testcase classname="wasm::prepare::tests" name="take_storage_works"/>
    <testcase classname="tests" name="__construct_runtime_integrity_test::runtime_integrity_tests"/>

    <!-- Failed Tests -->
    <testcase classname="tests" name="bare_instantiate_returns_events">
      <failure message="Test failed"/>
    </testcase>
    <testcase classname="tests" name="bare_call_returns_events">
      <failure message="Test failed"/>
    </testcase>
    <testcase classname="tests" name="call_runtime_reentrancy_guarded">
      <failure message="Test failed"/>
    </testcase>
    <testcase classname="tests" name="account_reentrance_count_works">
      <failure message="Test failed"/>
    </testcase>
    <testcase classname="tests" name="bare_instantiate_does_not_return_events">
      <failure message="Test failed"/>
    </testcase>
    <testcase classname="tests" name="bare_call_does_not_return_events">
      <failure message="Test failed"/>
    </testcase>
    <testcase classname="tests" name="bare_instantiate_returns_events">
      <failure message="Test failed"/>
    </testcase>
    <testcase classname="tests" name="call_return_code">
      <failure message="Test failed"/>
    </testcase>
    <testcase classname="tests" name="cannot_self_destruct_in_constructor">
      <failure message="Test failed"/>
    </testcase>
    <testcase classname="tests" name="cannot_self_destruct_through_draning">
      <failure message="Test failed"/>
    </testcase>
    <testcase classname="tests" name="cannot_instantiate_indeterministic_code">
      <failure message="Test failed"/>
    </testcase>
    <testcase classname="tests" name="cannot_self_destruct_through_storage_refund_after_price_change">
      <failure message="Test failed"/>
    </testcase>
    <testcase classname="tests" name="cannot_set_code_indeterministic_code">
      <failure message="Test failed"/>
    </testcase>
    <testcase classname="tests" name="cannot_self_destruct_while_live">
      <failure message="Test failed"/>
    </testcase>
    <testcase classname="tests" name="chain_extension_works">
      <failure message="Test failed"/>
    </testcase>
    <testcase classname="tests" name="contract_reverted">
      <failure message="Test failed"/>
    </testcase>
    <testcase classname="tests" name="chain_extension_temp_storage_works">
      <failure message="Test failed"/>
    </testcase>
    <testcase classname="tests" name="crypto_hashes">
      <failure message="Test failed"/>
    </testcase>
    <testcase classname="tests" name="debug_message_logging_disabled">
      <failure message="Test failed"/>
    </testcase>
    <testcase classname="tests" name="debug_message_works">
      <failure message="Test failed"/>
    </testcase>
    <testcase classname="tests" name="debug_message_invalid_utf8">
      <failure message="Test failed"/>
    </testcase>
    <testcase classname="tests" name="deletion_queue_ring_buffer_overflow">
      <failure message="Test failed"/>
    </testcase>
    <testcase classname="tests" name="delegate_call">
      <failure message="Test failed"/>
    </testcase>
    <testcase classname="tests" name="delegate_call_indeterministic_code">
      <failure message="Test failed"/>
    </testcase>
    <testcase classname="tests" name="deposit_event_max_value_limit">
      <failure message="Test failed"/>
    </testcase>
    <testcase classname="tests" name="deploy_and_call_other_contract">
      <failure message="Test failed"/>
    </testcase>
    <testcase classname="tests" name="deposit_limit_honors_existential_deposit">
      <failure message="Test failed"/>
    </testcase>
    <testcase classname="tests" name="deposit_limit_honors_min_leftover">
      <failure message="Test failed"/>
    </testcase>
    <testcase classname="tests" name="deposit_limit_honors_liquidity_restrictions">
      <failure message="Test failed"/>
    </testcase>
    <testcase classname="tests" name="destroy_contract_and_transfer_funds">
      <failure message="Test failed"/>
    </testcase>
    <testcase classname="tests" name="deposit_limit_in_nested_calls">
      <failure message="Test failed"/>
    </testcase>
    <testcase classname="tests" name="disabled_chain_extension_errors_on_call">
      <failure message="Test failed"/>
    </testcase>
    <testcase classname="tests" name="deposit_limit_in_nested_instantiate">
      <failure message="Test failed"/>
    </testcase>
    <testcase classname="tests" name="ecdsa_recover">
      <failure message="Test failed"/>
    </testcase>
    <testcase classname="tests" name="gas_estimation_nested_call_fixed_limit">
      <failure message="Test failed"/>
    </testcase>
    <testcase classname="tests" name="failed_deposit_charge_should_roll_back_call">
      <failure message="Test failed"/>
    </testcase>
    <testcase classname="tests" name="gas_estimation_call_runtime">
      <failure message="Test failed"/>
    </testcase>
    <testcase classname="tests" name="instantiate_and_call_and_deposit_event">
      <failure message="Test failed"/>
    </testcase>
    <testcase classname="tests" name="code_rejected_error_works">
      <failure message="Test failed"/>
    </testcase>
    <testcase classname="tests" name="gas_syncs_work">
      <failure message="Test failed"/>
    </testcase>
    <testcase classname="tests" name="instantiate_unique_trie_id">
      <failure message="Test failed"/>
    </testcase>
    <testcase classname="tests" name="instantiate_return_code">
      <failure message="Test failed"/>
    </testcase>
    <testcase classname="tests" name="instantiate_with_zero_balance_works">
      <failure message="Test failed"/>
    </testcase>
    <testcase classname="tests" name="instantiate_with_below_existential_deposit_works">
      <failure message="Test failed"/>
    </testcase>
    <testcase classname="tests" name="lazy_removal_does_no_run_on_low_remaining_weight">
      <failure message="Test failed"/>
    </testcase>
    <testcase classname="tests" name="lazy_removal_partial_remove_works">
      <failure message="Test failed"/>
    </testcase>
    <testcase classname="tests" name="lazy_removal_does_not_use_all_weight">
      <failure message="Test failed"/>
    </testcase>
    <testcase classname="tests" name="lazy_removal_works">
      <failure message="Test failed"/>
    </testcase>
    <testcase classname="tests" name="reentrance_count_works_with_call">
      <failure message="Test failed"/>
    </testcase>
    <testcase classname="tests" name="migration_in_progress_works">
      <failure message="Test failed"/>
    </testcase>
    <testcase classname="tests" name="reentrance_count_works_with_delegated_call">
      <failure message="Test failed"/>
    </testcase>
    <testcase classname="tests" name="refcounter">
      <failure message="Test failed"/>
    </testcase>
    <testcase classname="tests" name="remove_code_in_use">
      <failure message="Test failed"/>
    </testcase>
    <testcase classname="tests" name="remove_code_works">
      <failure message="Test failed"/>
    </testcase>
    <testcase classname="tests" name="root_cannot_instantiate">
      <failure message="Test failed"/>
    </testcase>
    <testcase classname="tests" name="remove_code_not_found">
      <failure message="Test failed"/>
    </testcase>
    <testcase classname="tests" name="root_can_call">
      <failure message="Test failed"/>
    </testcase><testcase classname="tests" name="remove_code_wrong_origin">
      <failure message="Test failed"/>
    </testcase>
    <testcase classname="tests" name="root_cannot_remove_code">
      <failure message="Test failed"/>
    </testcase>
    <testcase classname="tests" name="root_cannot_instantiate_with_code">
      <failure message="Test failed"/>
    </testcase>
    <testcase classname="tests" name="root_cannot_upload_code">
      <failure message="Test failed"/>
    </testcase>
    <testcase classname="tests" name="run_out_of_fuel_engine">
      <failure message="Test failed"/>
    </testcase>
    <testcase classname="tests" name="run_out_of_fuel_host">
      <failure message="Test failed"/>
    </testcase>
    <testcase classname="tests" name="set_code_extrinsic">
      <failure message="Test failed"/>
    </testcase>
    <testcase classname="tests" name="self_destruct_works">
      <failure message="Test failed"/>
    </testcase>
    <testcase classname="tests" name="set_code_hash">
      <failure message="Test failed"/>
    </testcase>
    <testcase classname="tests" name="sr25519_verify">
      <failure message="Test failed"/>
    </testcase>
    <testcase classname="tests" name="signed_cannot_set_code">
      <failure message="Test failed"/>
    </testcase>
    <testcase classname="tests" name="slash_cannot_kill_account">
      <failure message="Test failed"/>
    </testcase>
    <testcase classname="tests" name="storage_deposit_works">
      <failure message="Test failed"/>
    </testcase>
    <testcase classname="tests" name="storage_max_value_limit">
      <failure message="Test failed"/>
    </testcase>
    <testcase classname="tests" name="storage_deposit_limit_is_enforced">
      <failure message="Test failed"/>
    </testcase>
    <testcase classname="tests" name="upload_code_limit_too_low">
      <failure message="Test failed"/>
    </testcase>
    <testcase classname="tests" name="transfer_return_code">
      <failure message="Test failed"/>
    </testcase>
    <testcase classname="tests" name="transfer_allow_death_cannot_kill_account">
      <failure message="Test failed"/>
    </testcase>
    <testcase classname="tests" name="upload_code_works">
      <failure message="Test failed"/>
    </testcase>
    <testcase classname="tests" name="upload_code_not_enough_balance">
      <failure message="Test failed"/>
    </testcase>
    <testcase classname="tests" name="storage_deposit_callee_works">
      <failure message="Test failed"/>
    </testcase>
    <testcase classname="wasm::prepare::tests" name="memories::table_import">
      <failure message="Test failed"/>
    </testcase>
    <testcase classname="wasm::tests" name="account_reentrance_count_works">
      <failure message="Test failed"/>
    </testcase>
    <testcase classname="wasm::tests" name="balance">
      <failure message="Test failed"/>
    </testcase>
    <testcase classname="wasm::tests" name="block_number">
      <failure message="Test failed"/>
    </testcase>
    <testcase classname="wasm::tests" name="caller">
      <failure message="Test failed"/>
    </testcase>
    <testcase classname="wasm::tests" name="caller_traps_when_no_account_id">
      <failure message="Test failed"/>
    </testcase>
    <testcase classname="wasm::tests" name="code_hash_works">
      <failure message="Test failed"/>
    </testcase>
    <testcase classname="wasm::tests" name="get_storage_puts_data_into_buf">
      <failure message="Test failed"/>
    </testcase>
    <testcase classname="wasm::tests" name="gas_price">
      <failure message="Test failed"/>
    </testcase>
    <testcase classname="wasm::tests" name="instantiation_nonce_works">
      <failure message="Test failed"/>
    </testcase>
    <testcase classname="wasm::tests" name="gas_left">
      <failure message="Test failed"/>
    </testcase>
    <testcase classname="wasm::tests" name="now">
      <failure message="Test failed"/>
    </testcase>
    <testcase classname="wasm::tests" name="own_code_hash_works">
      <failure message="Test failed"/>
    </testcase>
    <testcase classname="wasm::tests" name="random_v1">
      <failure message="Test failed"/>
    </testcase>
    <testcase classname="wasm::tests" name="minimum_balance">
      <failure message="Test failed"/>
    </testcase>
    <testcase classname="wasm::tests" name="random">
      <failure message="Test failed"/>
    </testcase>
    <testcase classname="wasm::tests" name="set_code_hash">
      <failure message="Test failed"/>
    </testcase>
    <testcase classname="wasm::tests" name="reentrance_count_works">
      <failure message="Test failed"/>
    </testcase>
    <testcase classname="wasm::tests" name="value_transferred">
      <failure message="Test failed"/>
    </testcase>
  </testsuite>
</testsuites>
